2023-11-16 19:38:44.033 +01:00 [INF] response from insert audit: System.Runtime.CompilerServices.AsyncTaskMethodBuilder`1+AsyncStateMachineBox`1[System.Int32,InsuranceSystem.Infrastructure.Implementation.ClaimsRepository+<InsetAudit>d__3]
2023-11-16 19:38:45.279 +01:00 [ERR] Error at insert audit: Microsoft.Data.SqlClient.SqlException (0x80131904): Invalid object name 'dbo.AuditTrail'.
   at Microsoft.Data.SqlClient.SqlConnection.OnError(SqlException exception, Boolean breakConnection, Action`1 wrapCloseInAction)
   at Microsoft.Data.SqlClient.TdsParser.ThrowExceptionAndWarning(TdsParserStateObject stateObj, Boolean callerHasConnectionLock, Boolean asyncClose)
   at Microsoft.Data.SqlClient.TdsParser.TryRun(RunBehavior runBehavior, SqlCommand cmdHandler, SqlDataReader dataStream, BulkCopySimpleResultSet bulkCopyHandler, TdsParserStateObject stateObj, Boolean& dataReady)
   at Microsoft.Data.SqlClient.SqlCommand.FinishExecuteReader(SqlDataReader ds, RunBehavior runBehavior, String resetOptionsString, Boolean isInternal, Boolean forDescribeParameterEncryption, Boolean shouldCacheForAlwaysEncrypted)
   at Microsoft.Data.SqlClient.SqlCommand.CompleteAsyncExecuteReader(Boolean isInternal, Boolean forDescribeParameterEncryption)
   at Microsoft.Data.SqlClient.SqlCommand.InternalEndExecuteNonQuery(IAsyncResult asyncResult, Boolean isInternal, String endMethod)
   at Microsoft.Data.SqlClient.SqlCommand.EndExecuteNonQueryInternal(IAsyncResult asyncResult)
   at Microsoft.Data.SqlClient.SqlCommand.EndExecuteNonQueryAsync(IAsyncResult asyncResult)
   at System.Threading.Tasks.TaskFactory`1.FromAsyncCoreLogic(IAsyncResult iar, Func`2 endFunction, Action`1 endAction, Task`1 promise, Boolean requiresSynchronization)
--- End of stack trace from previous location ---
   at Dapper.SqlMapper.ExecuteImplAsync(IDbConnection cnn, CommandDefinition command, Object param) in /_/Dapper/SqlMapper.Async.cs:line 646
   at InsuranceSystem.Infrastructure.Implementation.ClaimsRepository.InsetAudit(AuditTrail auditTrail) in C:\PersonalProjects\InsuranceSystem\InsuranceSystem.Infrastructure\Implementation\ClaimsRepository.cs:line 46
ClientConnectionId:9d2830e3-b2c8-4216-9cbf-9d715609a6c8
Error Number:208,State:1,Class:16
2023-11-16 19:44:59.276 +01:00 [INF] About to retrieve all claims
2023-11-16 19:45:18.255 +01:00 [INF] response from getall claims: [{"NationalIDOfPolicyHolder":"367890324134526782988245454996","ExpenseId":2,"Amount":200000.00,"DateOfExpense":"2023-11-16T00:00:00","ClaimsId":"638357602667857550"}]
2023-11-16 19:45:23.187 +01:00 [INF] response from insert audit: System.Runtime.CompilerServices.AsyncTaskMethodBuilder`1+AsyncStateMachineBox`1[System.Int32,InsuranceSystem.Infrastructure.Implementation.ClaimsRepository+<InsetAudit>d__3]
2023-11-16 19:45:23.614 +01:00 [ERR] Error at insert audit: Microsoft.Data.SqlClient.SqlException (0x80131904): Invalid object name 'dbo.AuditTrail'.
   at Microsoft.Data.SqlClient.SqlConnection.OnError(SqlException exception, Boolean breakConnection, Action`1 wrapCloseInAction)
   at Microsoft.Data.SqlClient.TdsParser.ThrowExceptionAndWarning(TdsParserStateObject stateObj, Boolean callerHasConnectionLock, Boolean asyncClose)
   at Microsoft.Data.SqlClient.TdsParser.TryRun(RunBehavior runBehavior, SqlCommand cmdHandler, SqlDataReader dataStream, BulkCopySimpleResultSet bulkCopyHandler, TdsParserStateObject stateObj, Boolean& dataReady)
   at Microsoft.Data.SqlClient.SqlCommand.FinishExecuteReader(SqlDataReader ds, RunBehavior runBehavior, String resetOptionsString, Boolean isInternal, Boolean forDescribeParameterEncryption, Boolean shouldCacheForAlwaysEncrypted)
   at Microsoft.Data.SqlClient.SqlCommand.CompleteAsyncExecuteReader(Boolean isInternal, Boolean forDescribeParameterEncryption)
   at Microsoft.Data.SqlClient.SqlCommand.InternalEndExecuteNonQuery(IAsyncResult asyncResult, Boolean isInternal, String endMethod)
   at Microsoft.Data.SqlClient.SqlCommand.EndExecuteNonQueryInternal(IAsyncResult asyncResult)
   at Microsoft.Data.SqlClient.SqlCommand.EndExecuteNonQueryAsync(IAsyncResult asyncResult)
   at System.Threading.Tasks.TaskFactory`1.FromAsyncCoreLogic(IAsyncResult iar, Func`2 endFunction, Action`1 endAction, Task`1 promise, Boolean requiresSynchronization)
--- End of stack trace from previous location ---
   at Dapper.SqlMapper.ExecuteImplAsync(IDbConnection cnn, CommandDefinition command, Object param) in /_/Dapper/SqlMapper.Async.cs:line 646
   at InsuranceSystem.Infrastructure.Implementation.ClaimsRepository.InsetAudit(AuditTrail auditTrail) in C:\PersonalProjects\InsuranceSystem\InsuranceSystem.Infrastructure\Implementation\ClaimsRepository.cs:line 46
ClientConnectionId:7bd7784a-9cfa-4a0d-b663-9f4c0cdfc063
Error Number:208,State:1,Class:16
